Flow report for minimig_de0_nano
Tue May 22 18:44:02 2018
Quartus Prime Version 17.1.0 Build 590 10/25/2017 SJ Lite Edition


---------------------
; Table of Contents ;
---------------------
  1. Legal Notice
  2. Flow Summary
  3. Flow Settings
  4. Flow Non-Default Global Settings
  5. Flow Elapsed Time
  6. Flow OS Summary
  7. Flow Log
  8. Flow Messages
  9. Flow Suppressed Messages



----------------
; Legal Notice ;
----------------
Copyright (C) 2017  Intel Corporation. All rights reserved.
Your use of Intel Corporation's design tools, logic functions 
and other software and tools, and its AMPP partner logic 
functions, and any output files from any of the foregoing 
(including device programming or simulation files), and any 
associated documentation or information are expressly subject 
to the terms and conditions of the Intel Program License 
Subscription Agreement, the Intel Quartus Prime License Agreement,
the Intel FPGA IP License Agreement, or other applicable license
agreement, including, without limitation, that your use is for
the sole purpose of programming logic devices manufactured by
Intel and sold by Intel or its authorized distributors.  Please
refer to the applicable agreement for further details.



+----------------------------------------------------------------------------------+
; Flow Summary                                                                     ;
+------------------------------------+---------------------------------------------+
; Flow Status                        ; Successful - Tue May 22 18:43:46 2018       ;
; Quartus Prime Version              ; 17.1.0 Build 590 10/25/2017 SJ Lite Edition ;
; Revision Name                      ; minimig_de0_nano                            ;
; Top-level Entity Name              ; minimig_de0_nano_top                        ;
; Family                             ; Cyclone IV E                                ;
; Device                             ; EP4CE22F17C8                                ;
; Timing Models                      ; Final                                       ;
; Total logic elements               ; 17,467 / 22,320 ( 78 % )                    ;
;     Total combinational functions  ; 15,454 / 22,320 ( 69 % )                    ;
;     Dedicated logic registers      ; 7,977 / 22,320 ( 36 % )                     ;
; Total registers                    ; 7977                                        ;
; Total pins                         ; 98 / 154 ( 64 % )                           ;
; Total virtual pins                 ; 0                                           ;
; Total memory bits                  ; 251,008 / 608,256 ( 41 % )                  ;
; Embedded Multiplier 9-bit elements ; 16 / 132 ( 12 % )                           ;
; Total PLLs                         ; 2 / 4 ( 50 % )                              ;
+------------------------------------+---------------------------------------------+


+-----------------------------------------+
; Flow Settings                           ;
+-------------------+---------------------+
; Option            ; Setting             ;
+-------------------+---------------------+
; Start date & time ; 05/22/2018 18:30:15 ;
; Main task         ; Compilation         ;
; Revision Name     ; minimig_de0_nano    ;
+-------------------+---------------------+


+-----------------------------------------------------------------------------------------------------------------------------------------+
; Flow Non-Default Global Settings                                                                                                        ;
+-----------------------------------------+----------------------------------------+------------------+----------------------+------------+
; Assignment Name                         ; Value                                  ; Default Value    ; Entity Name          ; Section Id ;
+-----------------------------------------+----------------------------------------+------------------+----------------------+------------+
; ALLOW_POWER_UP_DONT_CARE                ; Off                                    ; On               ; --                   ; --         ;
; COMPILER_SIGNATURE_ID                   ; 238368721080448.152700661501124        ; --               ; --                   ; --         ;
; ENABLE_SIGNALTAP                        ; Off                                    ; --               ; --                   ; --         ;
; FMAX_REQUIREMENT                        ; 114 MHz                                ; --               ; --                   ; --         ;
; MAX_CORE_JUNCTION_TEMP                  ; 85                                     ; --               ; --                   ; --         ;
; MIN_CORE_JUNCTION_TEMP                  ; 0                                      ; --               ; --                   ; --         ;
; OUTPUT_IO_TIMING_FAR_END_VMEAS          ; Half Signal Swing                      ; --               ; --                   ; --         ;
; OUTPUT_IO_TIMING_FAR_END_VMEAS          ; Half Signal Swing                      ; --               ; --                   ; --         ;
; OUTPUT_IO_TIMING_NEAR_END_VMEAS         ; Half Vccio                             ; --               ; --                   ; --         ;
; OUTPUT_IO_TIMING_NEAR_END_VMEAS         ; Half Vccio                             ; --               ; --                   ; --         ;
; PARTITION_COLOR                         ; -- (Not supported for targeted family) ; --               ; minimig_de0_nano_top ; Top        ;
; PARTITION_FITTER_PRESERVATION_LEVEL     ; -- (Not supported for targeted family) ; --               ; minimig_de0_nano_top ; Top        ;
; PARTITION_NETLIST_TYPE                  ; -- (Not supported for targeted family) ; --               ; minimig_de0_nano_top ; Top        ;
; PHYSICAL_SYNTHESIS_REGISTER_DUPLICATION ; On                                     ; Off              ; --                   ; --         ;
; PLACEMENT_EFFORT_MULTIPLIER             ; 4.0                                    ; 1.0              ; --                   ; --         ;
; POWER_BOARD_THERMAL_MODEL               ; None (CONSERVATIVE)                    ; --               ; --                   ; --         ;
; POWER_PRESET_COOLING_SOLUTION           ; No Heat Sink With Still Air            ; --               ; --                   ; --         ;
; PROJECT_OUTPUT_DIRECTORY                ; out                                    ; --               ; --                   ; --         ;
; ROUTER_EFFORT_MULTIPLIER                ; 4.0                                    ; 1.0              ; --                   ; --         ;
; SMART_RECOMPILE                         ; On                                     ; Off              ; --                   ; --         ;
; SYNTH_TIMING_DRIVEN_SYNTHESIS           ; Off                                    ; On               ; --                   ; --         ;
; TCO_REQUIREMENT                         ; 2 ns                                   ; --               ; --                   ; --         ;
; TOP_LEVEL_ENTITY                        ; minimig_de0_nano_top                   ; minimig_de0_nano ; --                   ; --         ;
; TPD_REQUIREMENT                         ; 2 ns                                   ; --               ; --                   ; --         ;
; TSU_REQUIREMENT                         ; 2 ns                                   ; --               ; --                   ; --         ;
; USE_GENERATED_PHYSICAL_CONSTRAINTS      ; Off                                    ; --               ; --                   ; eda_palace ;
+-----------------------------------------+----------------------------------------+------------------+----------------------+------------+


+-------------------------------------------------------------------------------------------------------------------------------+
; Flow Elapsed Time                                                                                                             ;
+---------------------------+--------------+-------------------------+---------------------+------------------------------------+
; Module Name               ; Elapsed Time ; Average Processors Used ; Peak Virtual Memory ; Total CPU Time (on all processors) ;
+---------------------------+--------------+-------------------------+---------------------+------------------------------------+
; Analysis & Synthesis      ; 00:01:50     ; 1.0                     ; 822 MB              ; 00:02:04                           ;
; Fitter                    ; 00:03:34     ; 1.1                     ; 1630 MB             ; 00:06:39                           ;
; Assembler                 ; 00:00:02     ; 1.0                     ; 601 MB              ; 00:00:02                           ;
; TimeQuest Timing Analyzer ; 00:00:14     ; 1.6                     ; 845 MB              ; 00:00:18                           ;
; Fitter                    ; 00:03:20     ; 1.1                     ; 1681 MB             ; 00:06:12                           ;
; Assembler                 ; 00:00:02     ; 1.0                     ; 606 MB              ; 00:00:02                           ;
; TimeQuest Timing Analyzer ; 00:00:15     ; 1.6                     ; 841 MB              ; 00:00:18                           ;
; Total                     ; 00:09:17     ; --                      ; --                  ; 00:15:35                           ;
+---------------------------+--------------+-------------------------+---------------------+------------------------------------+


+----------------------------------------------------------------------------------------+
; Flow OS Summary                                                                        ;
+---------------------------+------------------+-----------+------------+----------------+
; Module Name               ; Machine Hostname ; OS Name   ; OS Version ; Processor type ;
+---------------------------+------------------+-----------+------------+----------------+
; Analysis & Synthesis      ; ingepal          ; Windows 7 ; 6.1        ; x86_64         ;
; Fitter                    ; ingepal          ; Windows 7 ; 6.1        ; x86_64         ;
; Assembler                 ; ingepal          ; Windows 7 ; 6.1        ; x86_64         ;
; TimeQuest Timing Analyzer ; ingepal          ; Windows 7 ; 6.1        ; x86_64         ;
; Fitter                    ; ingepal          ; Windows 7 ; 6.1        ; x86_64         ;
; Assembler                 ; ingepal          ; Windows 7 ; 6.1        ; x86_64         ;
; TimeQuest Timing Analyzer ; ingepal          ; Windows 7 ; 6.1        ; x86_64         ;
+---------------------------+------------------+-----------+------------+----------------+


------------
; Flow Log ;
------------
quartus_map --read_settings_files=on --write_settings_files=off minimig_de0_nano -c minimig_de0_nano
quartus_fit --read_settings_files=off --write_settings_files=off minimig_de0_nano -c minimig_de0_nano
quartus_asm --read_settings_files=off --write_settings_files=off minimig_de0_nano -c minimig_de0_nano
quartus_sta minimig_de0_nano -c minimig_de0_nano
quartus_fit --read_settings_files=on --write_settings_files=off minimig_de0_nano -c minimig_de0_nano
quartus_asm --read_settings_files=off --write_settings_files=off minimig_de0_nano -c minimig_de0_nano
quartus_sta minimig_de0_nano -c minimig_de0_nano



